Using pre-set license
Built from '2020.3/staging' branch; Version is '2020.3.13f1 (71691879b7f5) revision 7432472'; Using compiler version '192528614'; Build Type 'Release'
OS: 'Windows 10 Home; OS build 19042.1237; Version 2009; 64bit' Language: 'ko' Physical Memory: 16322 MB
BatchMode: 1, IsHumanControllingUs: 0, StartBugReporterOnCrash: 0, Is64bit: 1, IsPro: 0

 COMMAND LINE ARGUMENTS:
D:\Unity\2020.3.13f1\Editor\Unity.exe
-adb2
-batchMode
-noUpm
-name
AssetImportWorker0
-projectPath
C:/Users/kslee/OneDrive/Desktop/Project/3D_Dungeon/Dungeon
-logFile
Logs/AssetImportWorker0.log
-srvPort
55324
Successfully changed project path to: C:/Users/kslee/OneDrive/Desktop/Project/3D_Dungeon/Dungeon
C:/Users/kslee/OneDrive/Desktop/Project/3D_Dungeon/Dungeon
Using Asset Import Pipeline V2.
Refreshing native plugins compatible for Editor in 39.60 ms, found 2 plugins.
Preloading 0 native plugins for Editor in 0.00 ms.
Initialize engine version: 2020.3.13f1 (71691879b7f5)
[Subsystems] Discovering subsystems at path D:/Unity/2020.3.13f1/Editor/Data/Resources/UnitySubsystems
[Subsystems] Discovering subsystems at path C:/Users/kslee/OneDrive/Desktop/Project/3D_Dungeon/Dungeon/Assets
GfxDevice: creating device client; threaded=0
Direct3D:
    Version:  Direct3D 11.0 [level 11.1]
    Renderer: NVIDIA GeForce RTX 3060 Ti (ID=0x2486)
    Vendor:   
    VRAM:     8050 MB
    Driver:   30.0.14.7212
Initialize mono
Mono path[0] = 'D:/Unity/2020.3.13f1/Editor/Data/Managed'
Mono path[1] = 'D:/Unity/2020.3.13f1/Editor/Data/MonoBleedingEdge/lib/mono/unityjit'
Mono config path = 'D:/Unity/2020.3.13f1/Editor/Data/MonoBleedingEdge/etc'
Using monoOptions --debugger-agent=transport=dt_socket,embedding=1,server=y,suspend=n,address=127.0.0.1:56456
Begin MonoManager ReloadAssembly
Registering precompiled unity dll's ...
Register platform support module: D:/Unity/2020.3.13f1/Editor/Data/PlaybackEngines/WebGLSupport/UnityEditor.WebGL.Extensions.dll
Register platform support module: D:/Unity/2020.3.13f1/Editor/Data/PlaybackEngines/WindowsStandaloneSupport/UnityEditor.WindowsStandalone.Extensions.dll
Registered in 0.001357 seconds.
Native extension for WindowsStandalone target not found
Native extension for WebGL target not found
Refreshing native plugins compatible for Editor in 43.86 ms, found 2 plugins.
Preloading 0 native plugins for Editor in 0.00 ms.
Mono: successfully reloaded assembly
- Completed reload, in  1.695 seconds
Platform modules already initialized, skipping
Registering precompiled user dll's ...
Registered in 0.005803 seconds.
Begin MonoManager ReloadAssembly
Native extension for WindowsStandalone target not found
Native extension for WebGL target not found
Refreshing native plugins compatible for Editor in 0.50 ms, found 2 plugins.
Preloading 0 native plugins for Editor in 0.00 ms.
Mono: successfully reloaded assembly
- Completed reload, in  1.164 seconds
Platform modules already initialized, skipping
========================================================================
Worker process is ready to serve import requests
Launched and connected shader compiler UnityShaderCompiler.exe after 0.06 seconds
Refreshing native plugins compatible for Editor in 1.02 ms, found 2 plugins.
Preloading 0 native plugins for Editor in 0.00 ms.
Unloading 1690 Unused Serialized files (Serialized files now loaded: 0)
System memory in use before: 94.5 MB.
System memory in use after: 94.6 MB.

Unloading 20 unused Assets to reduce memory usage. Loaded Objects now: 2134.
Total: 2.747100 ms (FindLiveObjects: 0.232500 ms CreateObjectMapping: 0.085900 ms MarkObjects: 2.280600 ms  DeleteObjects: 0.145800 ms)

AssetImportParameters requested are different than current active one (requested -> active):
  custom:framework-win-MediaFoundation: 216162199b28c13a410421893ffa2e32 -> 
  custom:video-decoder-ogg-theora: a1e56fd34408186e4bbccfd4996cb3dc -> 
  custom:container-muxer-webm: aa71ff27fc2769a1b78a27578f13a17b -> 
  custom:container-demuxer-webm: 4f35f7cbe854078d1ac9338744f61a02 -> 
  custom:container-demuxer-ogg: 62fdf1f143b41e24485cea50d1cbac27 -> 
  custom:video-encoder-webm-vp8: eb34c28f22e8b96e1ab97ce403110664 -> 
  custom:video-decoder-webm-vp8: 9c59270c3fd7afecdb556c50c9e8de78 -> 
  custom:audio-decoder-ogg-vorbis: bf7c407c2cedff20999df2af8eb42d56 -> 
  custom:audio-encoder-webm-vorbis: bf7c407c2cedff20999df2af8eb42d56 -> 
========================================================================
Received Import Request.
  path: Assets/MpBar.cs
  artifactKey: Guid(6e001b6bfbf67da449c4e9ebcc751a88) Importer(815301076,1909f56bfc062723c751e8b465ee728b)
Start importing Assets/MpBar.cs using Guid(6e001b6bfbf67da449c4e9ebcc751a88) Importer(815301076,1909f56bfc062723c751e8b465ee728b)  -> (artifact id: '2e8fbb5eb715176825b47bae08a4a24e') in 0.048135 seconds 
  Import took 0.055960 seconds .

========================================================================
Received Import Request.
  Time since last request: 13.215645 seconds.
  path: Assets/MpBar.cs
  artifactKey: Guid(6e001b6bfbf67da449c4e9ebcc751a88) Importer(815301076,1909f56bfc062723c751e8b465ee728b)
Start importing Assets/MpBar.cs using Guid(6e001b6bfbf67da449c4e9ebcc751a88) Importer(815301076,1909f56bfc062723c751e8b465ee728b)  -> (artifact id: '88c7890d119f6365bd05bad090c16ed7') in 0.002929 seconds 
  Import took 0.005352 seconds .

========================================================================
Received Import Request.
  Time since last request: 16.412256 seconds.
  path: Assets/MpBar.cs
  artifactKey: Guid(6e001b6bfbf67da449c4e9ebcc751a88) Importer(815301076,1909f56bfc062723c751e8b465ee728b)
Start importing Assets/MpBar.cs using Guid(6e001b6bfbf67da449c4e9ebcc751a88) Importer(815301076,1909f56bfc062723c751e8b465ee728b)  -> (artifact id: '31ed50c0cfee0006cb3bb4d30a93079f') in 0.009510 seconds 
  Import took 0.016430 seconds .

========================================================================
Received Import Request.
  Time since last request: 40.411234 seconds.
  path: Assets/MpBar.cs
  artifactKey: Guid(6e001b6bfbf67da449c4e9ebcc751a88) Importer(815301076,1909f56bfc062723c751e8b465ee728b)
Start importing Assets/MpBar.cs using Guid(6e001b6bfbf67da449c4e9ebcc751a88) Importer(815301076,1909f56bfc062723c751e8b465ee728b)  -> (artifact id: '766163c7f30d243c0692aa6b75d503f1') in 0.012618 seconds 
  Import took 0.020765 seconds .

========================================================================
Received Import Request.
  Time since last request: 0.005080 seconds.
  path: Assets/MpBar.cs
  artifactKey: Guid(6e001b6bfbf67da449c4e9ebcc751a88) Importer(815301076,1909f56bfc062723c751e8b465ee728b)
Start importing Assets/MpBar.cs using Guid(6e001b6bfbf67da449c4e9ebcc751a88) Importer(815301076,1909f56bfc062723c751e8b465ee728b)  -> (artifact id: '766163c7f30d243c0692aa6b75d503f1') in 0.009665 seconds 
  Import took 0.016661 seconds .

========================================================================
Received Import Request.
  Time since last request: 21.907001 seconds.
  path: Assets/MpBar.cs
  artifactKey: Guid(6e001b6bfbf67da449c4e9ebcc751a88) Importer(815301076,1909f56bfc062723c751e8b465ee728b)
Start importing Assets/MpBar.cs using Guid(6e001b6bfbf67da449c4e9ebcc751a88) Importer(815301076,1909f56bfc062723c751e8b465ee728b)  -> (artifact id: '555441f3cb8bf37ab86170422854ed29') in 0.007667 seconds 
  Import took 0.015526 seconds .

========================================================================
Received Import Request.
  Time since last request: 17.051030 seconds.
  path: Assets/MpBar.cs
  artifactKey: Guid(6e001b6bfbf67da449c4e9ebcc751a88) Importer(815301076,1909f56bfc062723c751e8b465ee728b)
Start importing Assets/MpBar.cs using Guid(6e001b6bfbf67da449c4e9ebcc751a88) Importer(815301076,1909f56bfc062723c751e8b465ee728b)  -> (artifact id: 'a471561d514dcf00112e172cea028cc4') in 0.011530 seconds 
  Import took 0.022207 seconds .

========================================================================
Received Import Request.
  Time since last request: 0.000464 seconds.
  path: Assets/MpBar.cs
  artifactKey: Guid(6e001b6bfbf67da449c4e9ebcc751a88) Importer(815301076,1909f56bfc062723c751e8b465ee728b)
Start importing Assets/MpBar.cs using Guid(6e001b6bfbf67da449c4e9ebcc751a88) Importer(815301076,1909f56bfc062723c751e8b465ee728b)  -> (artifact id: 'a471561d514dcf00112e172cea028cc4') in 0.009777 seconds 
  Import took 0.018411 seconds .

========================================================================
Received Import Request.
  Time since last request: 5.907475 seconds.
  path: Assets/MpBar.cs
  artifactKey: Guid(6e001b6bfbf67da449c4e9ebcc751a88) Importer(815301076,1909f56bfc062723c751e8b465ee728b)
Start importing Assets/MpBar.cs using Guid(6e001b6bfbf67da449c4e9ebcc751a88) Importer(815301076,1909f56bfc062723c751e8b465ee728b)  -> (artifact id: '6f30ad88c4b8850baead558aefef6fe8') in 0.011696 seconds 
  Import took 0.020706 seconds .

========================================================================
Received Prepare
Registering precompiled user dll's ...
Registered in 0.003976 seconds.
Begin MonoManager ReloadAssembly
Native extension for WindowsStandalone target not found
Native extension for WebGL target not found
Refreshing native plugins compatible for Editor in 0.41 ms, found 2 plugins.
Preloading 0 native plugins for Editor in 0.00 ms.
Mono: successfully reloaded assembly
- Completed reload, in  0.779 seconds
Platform modules already initialized, skipping
Refreshing native plugins compatible for Editor in 0.42 ms, found 2 plugins.
Preloading 0 native plugins for Editor in 0.00 ms.
Unloading 1601 Unused Serialized files (Serialized files now loaded: 0)
System memory in use before: 86.3 MB.
System memory in use after: 86.4 MB.

Unloading 15 unused Assets to reduce memory usage. Loaded Objects now: 2136.
Total: 1.772900 ms (FindLiveObjects: 0.210800 ms CreateObjectMapping: 0.078400 ms MarkObjects: 1.423600 ms  DeleteObjects: 0.059000 ms)

AssetImportParameters requested are different than current active one (requested -> active):
  custom:framework-win-MediaFoundation: 216162199b28c13a410421893ffa2e32 -> 
  custom:video-decoder-ogg-theora: a1e56fd34408186e4bbccfd4996cb3dc -> 
  custom:container-muxer-webm: aa71ff27fc2769a1b78a27578f13a17b -> 
  custom:container-demuxer-webm: 4f35f7cbe854078d1ac9338744f61a02 -> 
  custom:container-demuxer-ogg: 62fdf1f143b41e24485cea50d1cbac27 -> 
  custom:video-encoder-webm-vp8: eb34c28f22e8b96e1ab97ce403110664 -> 
  custom:video-decoder-webm-vp8: 9c59270c3fd7afecdb556c50c9e8de78 -> 
  custom:audio-decoder-ogg-vorbis: bf7c407c2cedff20999df2af8eb42d56 -> 
  custom:audio-encoder-webm-vorbis: bf7c407c2cedff20999df2af8eb42d56 -> 
========================================================================
Received Prepare
Registering precompiled user dll's ...
Registered in 0.003757 seconds.
Begin MonoManager ReloadAssembly
Native extension for WindowsStandalone target not found
Native extension for WebGL target not found
Refreshing native plugins compatible for Editor in 0.41 ms, found 2 plugins.
Preloading 0 native plugins for Editor in 0.00 ms.
Mono: successfully reloaded assembly
- Completed reload, in  0.844 seconds
Platform modules already initialized, skipping
Refreshing native plugins compatible for Editor in 0.56 ms, found 2 plugins.
Preloading 0 native plugins for Editor in 0.00 ms.
Unloading 1602 Unused Serialized files (Serialized files now loaded: 0)
System memory in use before: 86.3 MB.
System memory in use after: 86.4 MB.

Unloading 15 unused Assets to reduce memory usage. Loaded Objects now: 2139.
Total: 1.703400 ms (FindLiveObjects: 0.162600 ms CreateObjectMapping: 0.053100 ms MarkObjects: 1.436300 ms  DeleteObjects: 0.050000 ms)

AssetImportParameters requested are different than current active one (requested -> active):
  custom:framework-win-MediaFoundation: 216162199b28c13a410421893ffa2e32 -> 
  custom:video-decoder-ogg-theora: a1e56fd34408186e4bbccfd4996cb3dc -> 
  custom:container-muxer-webm: aa71ff27fc2769a1b78a27578f13a17b -> 
  custom:container-demuxer-webm: 4f35f7cbe854078d1ac9338744f61a02 -> 
  custom:container-demuxer-ogg: 62fdf1f143b41e24485cea50d1cbac27 -> 
  custom:video-encoder-webm-vp8: eb34c28f22e8b96e1ab97ce403110664 -> 
  custom:video-decoder-webm-vp8: 9c59270c3fd7afecdb556c50c9e8de78 -> 
  custom:audio-decoder-ogg-vorbis: bf7c407c2cedff20999df2af8eb42d56 -> 
  custom:audio-encoder-webm-vorbis: bf7c407c2cedff20999df2af8eb42d56 -> 
========================================================================
Received Import Request.
  Time since last request: 301.922034 seconds.
  path: Assets/XpBar.cs
  artifactKey: Guid(18b31f2fc6e3811448baa33f227feb10) Importer(815301076,1909f56bfc062723c751e8b465ee728b)
Start importing Assets/XpBar.cs using Guid(18b31f2fc6e3811448baa33f227feb10) Importer(815301076,1909f56bfc062723c751e8b465ee728b)  -> (artifact id: 'ec5a49b1f228f72fb1b14f2f9083fe12') in 0.008963 seconds 
  Import took 0.011164 seconds .

========================================================================
Received Import Request.
  Time since last request: 12.377673 seconds.
  path: Assets/XpBar.cs
  artifactKey: Guid(18b31f2fc6e3811448baa33f227feb10) Importer(815301076,1909f56bfc062723c751e8b465ee728b)
Start importing Assets/XpBar.cs using Guid(18b31f2fc6e3811448baa33f227feb10) Importer(815301076,1909f56bfc062723c751e8b465ee728b)  -> (artifact id: '64358986a3b65d9794753dde4876ee08') in 0.003386 seconds 
  Import took 0.005834 seconds .

========================================================================
Received Prepare
Registering precompiled user dll's ...
Registered in 0.003589 seconds.
Begin MonoManager ReloadAssembly
Native extension for WindowsStandalone target not found
Native extension for WebGL target not found
Refreshing native plugins compatible for Editor in 1.06 ms, found 2 plugins.
Preloading 0 native plugins for Editor in 0.00 ms.
Mono: successfully reloaded assembly
- Completed reload, in  0.843 seconds
Platform modules already initialized, skipping
Refreshing native plugins compatible for Editor in 0.50 ms, found 2 plugins.
Preloading 0 native plugins for Editor in 0.00 ms.
Unloading 1602 Unused Serialized files (Serialized files now loaded: 0)
System memory in use before: 86.3 MB.
System memory in use after: 86.4 MB.

Unloading 15 unused Assets to reduce memory usage. Loaded Objects now: 2141.
Total: 1.795600 ms (FindLiveObjects: 0.213200 ms CreateObjectMapping: 0.086300 ms MarkObjects: 1.445200 ms  DeleteObjects: 0.050000 ms)

AssetImportParameters requested are different than current active one (requested -> active):
  custom:framework-win-MediaFoundation: 216162199b28c13a410421893ffa2e32 -> 
  custom:video-decoder-ogg-theora: a1e56fd34408186e4bbccfd4996cb3dc -> 
  custom:container-muxer-webm: aa71ff27fc2769a1b78a27578f13a17b -> 
  custom:container-demuxer-webm: 4f35f7cbe854078d1ac9338744f61a02 -> 
  custom:container-demuxer-ogg: 62fdf1f143b41e24485cea50d1cbac27 -> 
  custom:video-encoder-webm-vp8: eb34c28f22e8b96e1ab97ce403110664 -> 
  custom:video-decoder-webm-vp8: 9c59270c3fd7afecdb556c50c9e8de78 -> 
  custom:audio-decoder-ogg-vorbis: bf7c407c2cedff20999df2af8eb42d56 -> 
  custom:audio-encoder-webm-vorbis: bf7c407c2cedff20999df2af8eb42d56 -> 
========================================================================
Received Import Request.
  Time since last request: 51.222233 seconds.
  path: Assets/XpBar.cs
  artifactKey: Guid(18b31f2fc6e3811448baa33f227feb10) Importer(815301076,1909f56bfc062723c751e8b465ee728b)
Start importing Assets/XpBar.cs using Guid(18b31f2fc6e3811448baa33f227feb10) Importer(815301076,1909f56bfc062723c751e8b465ee728b)  -> (artifact id: 'f8258861feb787378da02fc3fbbabc06') in 0.005142 seconds 
  Import took 0.007598 seconds .

========================================================================
Received Prepare
Registering precompiled user dll's ...
Registered in 0.003609 seconds.
Begin MonoManager ReloadAssembly
Native extension for WindowsStandalone target not found
Native extension for WebGL target not found
Refreshing native plugins compatible for Editor in 0.40 ms, found 2 plugins.
Preloading 0 native plugins for Editor in 0.00 ms.
Mono: successfully reloaded assembly
- Completed reload, in  0.832 seconds
Platform modules already initialized, skipping
Refreshing native plugins compatible for Editor in 0.45 ms, found 2 plugins.
Preloading 0 native plugins for Editor in 0.00 ms.
Unloading 1602 Unused Serialized files (Serialized files now loaded: 0)
System memory in use before: 86.4 MB.
System memory in use after: 86.4 MB.

Unloading 15 unused Assets to reduce memory usage. Loaded Objects now: 2143.
Total: 2.113000 ms (FindLiveObjects: 0.175200 ms CreateObjectMapping: 0.075500 ms MarkObjects: 1.801500 ms  DeleteObjects: 0.059800 ms)

AssetImportParameters requested are different than current active one (requested -> active):
  custom:framework-win-MediaFoundation: 216162199b28c13a410421893ffa2e32 -> 
  custom:video-decoder-ogg-theora: a1e56fd34408186e4bbccfd4996cb3dc -> 
  custom:container-muxer-webm: aa71ff27fc2769a1b78a27578f13a17b -> 
  custom:container-demuxer-webm: 4f35f7cbe854078d1ac9338744f61a02 -> 
  custom:container-demuxer-ogg: 62fdf1f143b41e24485cea50d1cbac27 -> 
  custom:video-encoder-webm-vp8: eb34c28f22e8b96e1ab97ce403110664 -> 
  custom:video-decoder-webm-vp8: 9c59270c3fd7afecdb556c50c9e8de78 -> 
  custom:audio-decoder-ogg-vorbis: bf7c407c2cedff20999df2af8eb42d56 -> 
  custom:audio-encoder-webm-vorbis: bf7c407c2cedff20999df2af8eb42d56 -> 
========================================================================
Received Import Request.
  Time since last request: 31.369739 seconds.
  path: Assets/XpBar.cs
  artifactKey: Guid(18b31f2fc6e3811448baa33f227feb10) Importer(815301076,1909f56bfc062723c751e8b465ee728b)
Start importing Assets/XpBar.cs using Guid(18b31f2fc6e3811448baa33f227feb10) Importer(815301076,1909f56bfc062723c751e8b465ee728b)  -> (artifact id: 'b8de2e51813ab7c76fc690dffea4f616') in 0.008519 seconds 
  Import took 0.010990 seconds .

========================================================================
Received Prepare
Registering precompiled user dll's ...
Registered in 0.004266 seconds.
Begin MonoManager ReloadAssembly
Native extension for WindowsStandalone target not found
Native extension for WebGL target not found
Refreshing native plugins compatible for Editor in 0.43 ms, found 2 plugins.
Preloading 0 native plugins for Editor in 0.00 ms.
Mono: successfully reloaded assembly
- Completed reload, in  0.867 seconds
Platform modules already initialized, skipping
Refreshing native plugins compatible for Editor in 0.92 ms, found 2 plugins.
Preloading 0 native plugins for Editor in 0.00 ms.
Unloading 1602 Unused Serialized files (Serialized files now loaded: 0)
System memory in use before: 86.4 MB.
System memory in use after: 86.4 MB.

Unloading 15 unused Assets to reduce memory usage. Loaded Objects now: 2145.
Total: 1.813900 ms (FindLiveObjects: 0.151600 ms CreateObjectMapping: 0.049900 ms MarkObjects: 1.549800 ms  DeleteObjects: 0.061700 ms)

AssetImportParameters requested are different than current active one (requested -> active):
  custom:framework-win-MediaFoundation: 216162199b28c13a410421893ffa2e32 -> 
  custom:video-decoder-ogg-theora: a1e56fd34408186e4bbccfd4996cb3dc -> 
  custom:container-muxer-webm: aa71ff27fc2769a1b78a27578f13a17b -> 
  custom:container-demuxer-webm: 4f35f7cbe854078d1ac9338744f61a02 -> 
  custom:container-demuxer-ogg: 62fdf1f143b41e24485cea50d1cbac27 -> 
  custom:video-encoder-webm-vp8: eb34c28f22e8b96e1ab97ce403110664 -> 
  custom:video-decoder-webm-vp8: 9c59270c3fd7afecdb556c50c9e8de78 -> 
  custom:audio-decoder-ogg-vorbis: bf7c407c2cedff20999df2af8eb42d56 -> 
  custom:audio-encoder-webm-vorbis: bf7c407c2cedff20999df2af8eb42d56 -> 
========================================================================
Received Import Request.
  Time since last request: 10.313931 seconds.
  path: Assets/XpBar.cs
  artifactKey: Guid(18b31f2fc6e3811448baa33f227feb10) Importer(815301076,1909f56bfc062723c751e8b465ee728b)
Start importing Assets/XpBar.cs using Guid(18b31f2fc6e3811448baa33f227feb10) Importer(815301076,1909f56bfc062723c751e8b465ee728b)  -> (artifact id: '6985ac7651765e34d0c52c1727b8c7aa') in 0.006615 seconds 
  Import took 0.009505 seconds .

========================================================================
Received Prepare
Registering precompiled user dll's ...
Registered in 0.003742 seconds.
Begin MonoManager ReloadAssembly
Native extension for WindowsStandalone target not found
Native extension for WebGL target not found
Refreshing native plugins compatible for Editor in 0.41 ms, found 2 plugins.
Preloading 0 native plugins for Editor in 0.00 ms.
Mono: successfully reloaded assembly
- Completed reload, in  0.857 seconds
Platform modules already initialized, skipping
Refreshing native plugins compatible for Editor in 0.40 ms, found 2 plugins.
Preloading 0 native plugins for Editor in 0.00 ms.
Unloading 1602 Unused Serialized files (Serialized files now loaded: 0)
System memory in use before: 86.4 MB.
System memory in use after: 86.5 MB.

Unloading 15 unused Assets to reduce memory usage. Loaded Objects now: 2147.
Total: 1.553500 ms (FindLiveObjects: 0.156400 ms CreateObjectMapping: 0.058700 ms MarkObjects: 1.291400 ms  DeleteObjects: 0.046200 ms)

AssetImportParameters requested are different than current active one (requested -> active):
  custom:framework-win-MediaFoundation: 216162199b28c13a410421893ffa2e32 -> 
  custom:video-decoder-ogg-theora: a1e56fd34408186e4bbccfd4996cb3dc -> 
  custom:container-muxer-webm: aa71ff27fc2769a1b78a27578f13a17b -> 
  custom:container-demuxer-webm: 4f35f7cbe854078d1ac9338744f61a02 -> 
  custom:container-demuxer-ogg: 62fdf1f143b41e24485cea50d1cbac27 -> 
  custom:video-encoder-webm-vp8: eb34c28f22e8b96e1ab97ce403110664 -> 
  custom:video-decoder-webm-vp8: 9c59270c3fd7afecdb556c50c9e8de78 -> 
  custom:audio-decoder-ogg-vorbis: bf7c407c2cedff20999df2af8eb42d56 -> 
  custom:audio-encoder-webm-vorbis: bf7c407c2cedff20999df2af8eb42d56 -> 
========================================================================
Received Import Request.
  Time since last request: 4.212985 seconds.
  path: Assets/XpBar.cs
  artifactKey: Guid(18b31f2fc6e3811448baa33f227feb10) Importer(815301076,1909f56bfc062723c751e8b465ee728b)
Start importing Assets/XpBar.cs using Guid(18b31f2fc6e3811448baa33f227feb10) Importer(815301076,1909f56bfc062723c751e8b465ee728b)  -> (artifact id: '24eb548c09fe93b8d708e2eddca85687') in 0.007636 seconds 
  Import took 0.011653 seconds .

========================================================================
Received Prepare
Registering precompiled user dll's ...
Registered in 0.003728 seconds.
Begin MonoManager ReloadAssembly
Native extension for WindowsStandalone target not found
Native extension for WebGL target not found
Refreshing native plugins compatible for Editor in 0.49 ms, found 2 plugins.
Preloading 0 native plugins for Editor in 0.00 ms.
Mono: successfully reloaded assembly
- Completed reload, in  0.757 seconds
Platform modules already initialized, skipping
Refreshing native plugins compatible for Editor in 0.40 ms, found 2 plugins.
Preloading 0 native plugins for Editor in 0.00 ms.
Unloading 1602 Unused Serialized files (Serialized files now loaded: 0)
System memory in use before: 86.4 MB.
System memory in use after: 86.5 MB.

Unloading 15 unused Assets to reduce memory usage. Loaded Objects now: 2149.
Total: 1.581700 ms (FindLiveObjects: 0.154500 ms CreateObjectMapping: 0.052000 ms MarkObjects: 1.329300 ms  DeleteObjects: 0.044600 ms)

AssetImportParameters requested are different than current active one (requested -> active):
  custom:framework-win-MediaFoundation: 216162199b28c13a410421893ffa2e32 -> 
  custom:video-decoder-ogg-theora: a1e56fd34408186e4bbccfd4996cb3dc -> 
  custom:container-muxer-webm: aa71ff27fc2769a1b78a27578f13a17b -> 
  custom:container-demuxer-webm: 4f35f7cbe854078d1ac9338744f61a02 -> 
  custom:container-demuxer-ogg: 62fdf1f143b41e24485cea50d1cbac27 -> 
  custom:video-encoder-webm-vp8: eb34c28f22e8b96e1ab97ce403110664 -> 
  custom:video-decoder-webm-vp8: 9c59270c3fd7afecdb556c50c9e8de78 -> 
  custom:audio-decoder-ogg-vorbis: bf7c407c2cedff20999df2af8eb42d56 -> 
  custom:audio-encoder-webm-vorbis: bf7c407c2cedff20999df2af8eb42d56 -> 
========================================================================
Received Prepare
Registering precompiled user dll's ...
Registered in 0.003572 seconds.
Begin MonoManager ReloadAssembly
Native extension for WindowsStandalone target not found
Native extension for WebGL target not found
Refreshing native plugins compatible for Editor in 0.42 ms, found 2 plugins.
Preloading 0 native plugins for Editor in 0.00 ms.
Mono: successfully reloaded assembly
- Completed reload, in  0.744 seconds
Platform modules already initialized, skipping
Refreshing native plugins compatible for Editor in 0.39 ms, found 2 plugins.
Preloading 0 native plugins for Editor in 0.00 ms.
Unloading 1602 Unused Serialized files (Serialized files now loaded: 0)
System memory in use before: 86.4 MB.
System memory in use after: 86.5 MB.

Unloading 15 unused Assets to reduce memory usage. Loaded Objects now: 2151.
Total: 1.767500 ms (FindLiveObjects: 0.149500 ms CreateObjectMapping: 0.053800 ms MarkObjects: 1.513400 ms  DeleteObjects: 0.049800 ms)

AssetImportParameters requested are different than current active one (requested -> active):
  custom:framework-win-MediaFoundation: 216162199b28c13a410421893ffa2e32 -> 
  custom:video-decoder-ogg-theora: a1e56fd34408186e4bbccfd4996cb3dc -> 
  custom:container-muxer-webm: aa71ff27fc2769a1b78a27578f13a17b -> 
  custom:container-demuxer-webm: 4f35f7cbe854078d1ac9338744f61a02 -> 
  custom:container-demuxer-ogg: 62fdf1f143b41e24485cea50d1cbac27 -> 
  custom:video-encoder-webm-vp8: eb34c28f22e8b96e1ab97ce403110664 -> 
  custom:video-decoder-webm-vp8: 9c59270c3fd7afecdb556c50c9e8de78 -> 
  custom:audio-decoder-ogg-vorbis: bf7c407c2cedff20999df2af8eb42d56 -> 
  custom:audio-encoder-webm-vorbis: bf7c407c2cedff20999df2af8eb42d56 -> 
========================================================================
Received Prepare
Registering precompiled user dll's ...
Registered in 0.003671 seconds.
Begin MonoManager ReloadAssembly
Native extension for WindowsStandalone target not found
Native extension for WebGL target not found
Refreshing native plugins compatible for Editor in 0.40 ms, found 2 plugins.
Preloading 0 native plugins for Editor in 0.00 ms.
Mono: successfully reloaded assembly
- Completed reload, in  0.829 seconds
Platform modules already initialized, skipping
Refreshing native plugins compatible for Editor in 0.57 ms, found 2 plugins.
Preloading 0 native plugins for Editor in 0.00 ms.
Unloading 1602 Unused Serialized files (Serialized files now loaded: 0)
System memory in use before: 86.4 MB.
System memory in use after: 86.5 MB.

Unloading 15 unused Assets to reduce memory usage. Loaded Objects now: 2153.
Total: 1.544000 ms (FindLiveObjects: 0.145600 ms CreateObjectMapping: 0.049600 ms MarkObjects: 1.297000 ms  DeleteObjects: 0.050900 ms)

AssetImportParameters requested are different than current active one (requested -> active):
  custom:framework-win-MediaFoundation: 216162199b28c13a410421893ffa2e32 -> 
  custom:video-decoder-ogg-theora: a1e56fd34408186e4bbccfd4996cb3dc -> 
  custom:container-muxer-webm: aa71ff27fc2769a1b78a27578f13a17b -> 
  custom:container-demuxer-webm: 4f35f7cbe854078d1ac9338744f61a02 -> 
  custom:container-demuxer-ogg: 62fdf1f143b41e24485cea50d1cbac27 -> 
  custom:video-encoder-webm-vp8: eb34c28f22e8b96e1ab97ce403110664 -> 
  custom:video-decoder-webm-vp8: 9c59270c3fd7afecdb556c50c9e8de78 -> 
  custom:audio-decoder-ogg-vorbis: bf7c407c2cedff20999df2af8eb42d56 -> 
  custom:audio-encoder-webm-vorbis: bf7c407c2cedff20999df2af8eb42d56 -> 
========================================================================
Received Prepare
Registering precompiled user dll's ...
Registered in 0.003844 seconds.
Begin MonoManager ReloadAssembly
Native extension for WindowsStandalone target not found
Native extension for WebGL target not found
Refreshing native plugins compatible for Editor in 0.47 ms, found 2 plugins.
Preloading 0 native plugins for Editor in 0.00 ms.
Mono: successfully reloaded assembly
- Completed reload, in  0.868 seconds
Platform modules already initialized, skipping
Refreshing native plugins compatible for Editor in 0.42 ms, found 2 plugins.
Preloading 0 native plugins for Editor in 0.00 ms.
Unloading 1602 Unused Serialized files (Serialized files now loaded: 0)
System memory in use before: 86.4 MB.
System memory in use after: 86.5 MB.

Unloading 15 unused Assets to reduce memory usage. Loaded Objects now: 2155.
Total: 1.629800 ms (FindLiveObjects: 0.158300 ms CreateObjectMapping: 0.057200 ms MarkObjects: 1.360500 ms  DeleteObjects: 0.052400 ms)

AssetImportParameters requested are different than current active one (requested -> active):
  custom:framework-win-MediaFoundation: 216162199b28c13a410421893ffa2e32 -> 
  custom:video-decoder-ogg-theora: a1e56fd34408186e4bbccfd4996cb3dc -> 
  custom:container-muxer-webm: aa71ff27fc2769a1b78a27578f13a17b -> 
  custom:container-demuxer-webm: 4f35f7cbe854078d1ac9338744f61a02 -> 
  custom:container-demuxer-ogg: 62fdf1f143b41e24485cea50d1cbac27 -> 
  custom:video-encoder-webm-vp8: eb34c28f22e8b96e1ab97ce403110664 -> 
  custom:video-decoder-webm-vp8: 9c59270c3fd7afecdb556c50c9e8de78 -> 
  custom:audio-decoder-ogg-vorbis: bf7c407c2cedff20999df2af8eb42d56 -> 
  custom:audio-encoder-webm-vorbis: bf7c407c2cedff20999df2af8eb42d56 -> 
========================================================================
Received Prepare
Registering precompiled user dll's ...
Registered in 0.003736 seconds.
Begin MonoManager ReloadAssembly
Native extension for WindowsStandalone target not found
Native extension for WebGL target not found
Refreshing native plugins compatible for Editor in 0.44 ms, found 2 plugins.
Preloading 0 native plugins for Editor in 0.00 ms.
Mono: successfully reloaded assembly
- Completed reload, in  0.766 seconds
Platform modules already initialized, skipping
Refreshing native plugins compatible for Editor in 0.42 ms, found 2 plugins.
Preloading 0 native plugins for Editor in 0.00 ms.
Unloading 1602 Unused Serialized files (Serialized files now loaded: 0)
System memory in use before: 86.4 MB.
System memory in use after: 86.5 MB.

Unloading 15 unused Assets to reduce memory usage. Loaded Objects now: 2157.
Total: 1.592800 ms (FindLiveObjects: 0.154200 ms CreateObjectMapping: 0.049600 ms MarkObjects: 1.340600 ms  DeleteObjects: 0.047600 ms)

AssetImportParameters requested are different than current active one (requested -> active):
  custom:framework-win-MediaFoundation: 216162199b28c13a410421893ffa2e32 -> 
  custom:video-decoder-ogg-theora: a1e56fd34408186e4bbccfd4996cb3dc -> 
  custom:container-muxer-webm: aa71ff27fc2769a1b78a27578f13a17b -> 
  custom:container-demuxer-webm: 4f35f7cbe854078d1ac9338744f61a02 -> 
  custom:container-demuxer-ogg: 62fdf1f143b41e24485cea50d1cbac27 -> 
  custom:video-encoder-webm-vp8: eb34c28f22e8b96e1ab97ce403110664 -> 
  custom:video-decoder-webm-vp8: 9c59270c3fd7afecdb556c50c9e8de78 -> 
  custom:audio-decoder-ogg-vorbis: bf7c407c2cedff20999df2af8eb42d56 -> 
  custom:audio-encoder-webm-vorbis: bf7c407c2cedff20999df2af8eb42d56 -> 
========================================================================
Received Prepare
Registering precompiled user dll's ...
Registered in 0.004248 seconds.
Begin MonoManager ReloadAssembly
Native extension for WindowsStandalone target not found
Native extension for WebGL target not found
Refreshing native plugins compatible for Editor in 0.45 ms, found 2 plugins.
Preloading 0 native plugins for Editor in 0.00 ms.
Mono: successfully reloaded assembly
- Completed reload, in  0.874 seconds
Platform modules already initialized, skipping
Refreshing native plugins compatible for Editor in 0.41 ms, found 2 plugins.
Preloading 0 native plugins for Editor in 0.00 ms.
Unloading 1602 Unused Serialized files (Serialized files now loaded: 0)
System memory in use before: 86.4 MB.
System memory in use after: 86.5 MB.

Unloading 15 unused Assets to reduce memory usage. Loaded Objects now: 2159.
Total: 2.477100 ms (FindLiveObjects: 0.323000 ms CreateObjectMapping: 0.178700 ms MarkObjects: 1.912600 ms  DeleteObjects: 0.062000 ms)

AssetImportParameters requested are different than current active one (requested -> active):
  custom:framework-win-MediaFoundation: 216162199b28c13a410421893ffa2e32 -> 
  custom:video-decoder-ogg-theora: a1e56fd34408186e4bbccfd4996cb3dc -> 
  custom:container-muxer-webm: aa71ff27fc2769a1b78a27578f13a17b -> 
  custom:container-demuxer-webm: 4f35f7cbe854078d1ac9338744f61a02 -> 
  custom:container-demuxer-ogg: 62fdf1f143b41e24485cea50d1cbac27 -> 
  custom:video-encoder-webm-vp8: eb34c28f22e8b96e1ab97ce403110664 -> 
  custom:video-decoder-webm-vp8: 9c59270c3fd7afecdb556c50c9e8de78 -> 
  custom:audio-decoder-ogg-vorbis: bf7c407c2cedff20999df2af8eb42d56 -> 
  custom:audio-encoder-webm-vorbis: bf7c407c2cedff20999df2af8eb42d56 -> 
========================================================================
Received Prepare
Registering precompiled user dll's ...
Registered in 0.003806 seconds.
Begin MonoManager ReloadAssembly
Native extension for WindowsStandalone target not found
Native extension for WebGL target not found
Refreshing native plugins compatible for Editor in 0.40 ms, found 2 plugins.
Preloading 0 native plugins for Editor in 0.00 ms.
Mono: successfully reloaded assembly
- Completed reload, in  0.843 seconds
Platform modules already initialized, skipping
Refreshing native plugins compatible for Editor in 0.44 ms, found 2 plugins.
Preloading 0 native plugins for Editor in 0.00 ms.
Unloading 1602 Unused Serialized files (Serialized files now loaded: 0)
System memory in use before: 86.4 MB.
System memory in use after: 86.5 MB.

Unloading 15 unused Assets to reduce memory usage. Loaded Objects now: 2161.
Total: 1.603400 ms (FindLiveObjects: 0.154300 ms CreateObjectMapping: 0.065600 ms MarkObjects: 1.325900 ms  DeleteObjects: 0.056900 ms)

AssetImportParameters requested are different than current active one (requested -> active):
  custom:framework-win-MediaFoundation: 216162199b28c13a410421893ffa2e32 -> 
  custom:video-decoder-ogg-theora: a1e56fd34408186e4bbccfd4996cb3dc -> 
  custom:container-muxer-webm: aa71ff27fc2769a1b78a27578f13a17b -> 
  custom:container-demuxer-webm: 4f35f7cbe854078d1ac9338744f61a02 -> 
  custom:container-demuxer-ogg: 62fdf1f143b41e24485cea50d1cbac27 -> 
  custom:video-encoder-webm-vp8: eb34c28f22e8b96e1ab97ce403110664 -> 
  custom:video-decoder-webm-vp8: 9c59270c3fd7afecdb556c50c9e8de78 -> 
  custom:audio-decoder-ogg-vorbis: bf7c407c2cedff20999df2af8eb42d56 -> 
  custom:audio-encoder-webm-vorbis: bf7c407c2cedff20999df2af8eb42d56 -> 
========================================================================
Received Prepare
Registering precompiled user dll's ...
Registered in 0.003907 seconds.
Begin MonoManager ReloadAssembly
Native extension for WindowsStandalone target not found
Native extension for WebGL target not found
Refreshing native plugins compatible for Editor in 0.40 ms, found 2 plugins.
Preloading 0 native plugins for Editor in 0.00 ms.
Mono: successfully reloaded assembly
- Completed reload, in  0.759 seconds
Platform modules already initialized, skipping
Refreshing native plugins compatible for Editor in 0.41 ms, found 2 plugins.
Preloading 0 native plugins for Editor in 0.00 ms.
Unloading 1602 Unused Serialized files (Serialized files now loaded: 0)
System memory in use before: 86.4 MB.
System memory in use after: 86.5 MB.

Unloading 15 unused Assets to reduce memory usage. Loaded Objects now: 2163.
Total: 1.816900 ms (FindLiveObjects: 0.218200 ms CreateObjectMapping: 0.074100 ms MarkObjects: 1.472800 ms  DeleteObjects: 0.050900 ms)

AssetImportParameters requested are different than current active one (requested -> active):
  custom:framework-win-MediaFoundation: 216162199b28c13a410421893ffa2e32 -> 
  custom:video-decoder-ogg-theora: a1e56fd34408186e4bbccfd4996cb3dc -> 
  custom:container-muxer-webm: aa71ff27fc2769a1b78a27578f13a17b -> 
  custom:container-demuxer-webm: 4f35f7cbe854078d1ac9338744f61a02 -> 
  custom:container-demuxer-ogg: 62fdf1f143b41e24485cea50d1cbac27 -> 
  custom:video-encoder-webm-vp8: eb34c28f22e8b96e1ab97ce403110664 -> 
  custom:video-decoder-webm-vp8: 9c59270c3fd7afecdb556c50c9e8de78 -> 
  custom:audio-decoder-ogg-vorbis: bf7c407c2cedff20999df2af8eb42d56 -> 
  custom:audio-encoder-webm-vorbis: bf7c407c2cedff20999df2af8eb42d56 -> 
========================================================================
Received Prepare
Registering precompiled user dll's ...
Registered in 0.003641 seconds.
Begin MonoManager ReloadAssembly
Native extension for WindowsStandalone target not found
Native extension for WebGL target not found
Refreshing native plugins compatible for Editor in 0.40 ms, found 2 plugins.
Preloading 0 native plugins for Editor in 0.00 ms.
Mono: successfully reloaded assembly
- Completed reload, in  0.745 seconds
Platform modules already initialized, skipping
Refreshing native plugins compatible for Editor in 0.46 ms, found 2 plugins.
Preloading 0 native plugins for Editor in 0.00 ms.
Unloading 1602 Unused Serialized files (Serialized files now loaded: 0)
System memory in use before: 86.4 MB.
System memory in use after: 86.5 MB.

Unloading 15 unused Assets to reduce memory usage. Loaded Objects now: 2165.
Total: 2.170200 ms (FindLiveObjects: 0.157800 ms CreateObjectMapping: 0.051400 ms MarkObjects: 1.886300 ms  DeleteObjects: 0.073100 ms)

AssetImportParameters requested are different than current active one (requested -> active):
  custom:framework-win-MediaFoundation: 216162199b28c13a410421893ffa2e32 -> 
  custom:video-decoder-ogg-theora: a1e56fd34408186e4bbccfd4996cb3dc -> 
  custom:container-muxer-webm: aa71ff27fc2769a1b78a27578f13a17b -> 
  custom:container-demuxer-webm: 4f35f7cbe854078d1ac9338744f61a02 -> 
  custom:container-demuxer-ogg: 62fdf1f143b41e24485cea50d1cbac27 -> 
  custom:video-encoder-webm-vp8: eb34c28f22e8b96e1ab97ce403110664 -> 
  custom:video-decoder-webm-vp8: 9c59270c3fd7afecdb556c50c9e8de78 -> 
  custom:audio-decoder-ogg-vorbis: bf7c407c2cedff20999df2af8eb42d56 -> 
  custom:audio-encoder-webm-vorbis: bf7c407c2cedff20999df2af8eb42d56 -> 
========================================================================
Received Prepare
Registering precompiled user dll's ...
Registered in 0.003940 seconds.
Begin MonoManager ReloadAssembly
Native extension for WindowsStandalone target not found
Native extension for WebGL target not found
Refreshing native plugins compatible for Editor in 0.43 ms, found 2 plugins.
Preloading 0 native plugins for Editor in 0.00 ms.
Mono: successfully reloaded assembly
- Completed reload, in  0.800 seconds
Platform modules already initialized, skipping
Refreshing native plugins compatible for Editor in 0.48 ms, found 2 plugins.
Preloading 0 native plugins for Editor in 0.00 ms.
Unloading 1602 Unused Serialized files (Serialized files now loaded: 0)
System memory in use before: 86.4 MB.
System memory in use after: 86.5 MB.

Unloading 15 unused Assets to reduce memory usage. Loaded Objects now: 2167.
Total: 2.144400 ms (FindLiveObjects: 0.214000 ms CreateObjectMapping: 0.079600 ms MarkObjects: 1.790600 ms  DeleteObjects: 0.059300 ms)

AssetImportParameters requested are different than current active one (requested -> active):
  custom:framework-win-MediaFoundation: 216162199b28c13a410421893ffa2e32 -> 
  custom:video-decoder-ogg-theora: a1e56fd34408186e4bbccfd4996cb3dc -> 
  custom:container-muxer-webm: aa71ff27fc2769a1b78a27578f13a17b -> 
  custom:container-demuxer-webm: 4f35f7cbe854078d1ac9338744f61a02 -> 
  custom:container-demuxer-ogg: 62fdf1f143b41e24485cea50d1cbac27 -> 
  custom:video-encoder-webm-vp8: eb34c28f22e8b96e1ab97ce403110664 -> 
  custom:video-decoder-webm-vp8: 9c59270c3fd7afecdb556c50c9e8de78 -> 
  custom:audio-decoder-ogg-vorbis: bf7c407c2cedff20999df2af8eb42d56 -> 
  custom:audio-encoder-webm-vorbis: bf7c407c2cedff20999df2af8eb42d56 -> 
========================================================================
Received Prepare
Registering precompiled user dll's ...
Registered in 0.003656 seconds.
Begin MonoManager ReloadAssembly
Native extension for WindowsStandalone target not found
Native extension for WebGL target not found
Refreshing native plugins compatible for Editor in 0.41 ms, found 2 plugins.
Preloading 0 native plugins for Editor in 0.00 ms.
Mono: successfully reloaded assembly
- Completed reload, in  0.766 seconds
Platform modules already initialized, skipping
Refreshing native plugins compatible for Editor in 0.40 ms, found 2 plugins.
Preloading 0 native plugins for Editor in 0.00 ms.
Unloading 1602 Unused Serialized files (Serialized files now loaded: 0)
System memory in use before: 86.4 MB.
System memory in use after: 86.5 MB.

Unloading 15 unused Assets to reduce memory usage. Loaded Objects now: 2169.
Total: 2.252700 ms (FindLiveObjects: 0.199400 ms CreateObjectMapping: 0.077800 ms MarkObjects: 1.910500 ms  DeleteObjects: 0.063000 ms)

AssetImportParameters requested are different than current active one (requested -> active):
  custom:framework-win-MediaFoundation: 216162199b28c13a410421893ffa2e32 -> 
  custom:video-decoder-ogg-theora: a1e56fd34408186e4bbccfd4996cb3dc -> 
  custom:container-muxer-webm: aa71ff27fc2769a1b78a27578f13a17b -> 
  custom:container-demuxer-webm: 4f35f7cbe854078d1ac9338744f61a02 -> 
  custom:container-demuxer-ogg: 62fdf1f143b41e24485cea50d1cbac27 -> 
  custom:video-encoder-webm-vp8: eb34c28f22e8b96e1ab97ce403110664 -> 
  custom:video-decoder-webm-vp8: 9c59270c3fd7afecdb556c50c9e8de78 -> 
  custom:audio-decoder-ogg-vorbis: bf7c407c2cedff20999df2af8eb42d56 -> 
  custom:audio-encoder-webm-vorbis: bf7c407c2cedff20999df2af8eb42d56 -> 
========================================================================
Received Prepare
Registering precompiled user dll's ...
Registered in 0.003952 seconds.
Begin MonoManager ReloadAssembly
Native extension for WindowsStandalone target not found
Native extension for WebGL target not found
Refreshing native plugins compatible for Editor in 0.41 ms, found 2 plugins.
Preloading 0 native plugins for Editor in 0.00 ms.
Mono: successfully reloaded assembly
- Completed reload, in  0.765 seconds
Platform modules already initialized, skipping
Refreshing native plugins compatible for Editor in 0.40 ms, found 2 plugins.
Preloading 0 native plugins for Editor in 0.00 ms.
Unloading 1602 Unused Serialized files (Serialized files now loaded: 0)
System memory in use before: 86.4 MB.
System memory in use after: 86.5 MB.

Unloading 15 unused Assets to reduce memory usage. Loaded Objects now: 2171.
Total: 1.650800 ms (FindLiveObjects: 0.147000 ms CreateObjectMapping: 0.052600 ms MarkObjects: 1.392000 ms  DeleteObjects: 0.058000 ms)

AssetImportParameters requested are different than current active one (requested -> active):
  custom:framework-win-MediaFoundation: 216162199b28c13a410421893ffa2e32 -> 
  custom:video-decoder-ogg-theora: a1e56fd34408186e4bbccfd4996cb3dc -> 
  custom:container-muxer-webm: aa71ff27fc2769a1b78a27578f13a17b -> 
  custom:container-demuxer-webm: 4f35f7cbe854078d1ac9338744f61a02 -> 
  custom:container-demuxer-ogg: 62fdf1f143b41e24485cea50d1cbac27 -> 
  custom:video-encoder-webm-vp8: eb34c28f22e8b96e1ab97ce403110664 -> 
  custom:video-decoder-webm-vp8: 9c59270c3fd7afecdb556c50c9e8de78 -> 
  custom:audio-decoder-ogg-vorbis: bf7c407c2cedff20999df2af8eb42d56 -> 
  custom:audio-encoder-webm-vorbis: bf7c407c2cedff20999df2af8eb42d56 -> 
========================================================================
Received Import Request.
  Time since last request: 439.733534 seconds.
  path: Assets/ChargeBar.cs
  artifactKey: Guid(be83c33ad339b774eae4428bf78de148) Importer(815301076,1909f56bfc062723c751e8b465ee728b)
Start importing Assets/ChargeBar.cs using Guid(be83c33ad339b774eae4428bf78de148) Importer(815301076,1909f56bfc062723c751e8b465ee728b)  -> (artifact id: '5b003f91279d1429de22dc3d77a1f108') in 0.009292 seconds 
  Import took 0.012056 seconds .

========================================================================
Received Import Request.
  Time since last request: 0.301750 seconds.
  path: Assets/ChargeBar.cs
  artifactKey: Guid(be83c33ad339b774eae4428bf78de148) Importer(815301076,1909f56bfc062723c751e8b465ee728b)
Start importing Assets/ChargeBar.cs using Guid(be83c33ad339b774eae4428bf78de148) Importer(815301076,1909f56bfc062723c751e8b465ee728b)  -> (artifact id: '5b003f91279d1429de22dc3d77a1f108') in 0.002845 seconds 
  Import took 0.005137 seconds .

========================================================================
Received Import Request.
  Time since last request: 0.240088 seconds.
  path: Assets/PlayerStat.cs
  artifactKey: Guid(ba275ed0cf4b62e40b4979d909f1d91f) Importer(815301076,1909f56bfc062723c751e8b465ee728b)
Start importing Assets/PlayerStat.cs using Guid(ba275ed0cf4b62e40b4979d909f1d91f) Importer(815301076,1909f56bfc062723c751e8b465ee728b)  -> (artifact id: 'c3f6df2ede7871ecd597fcf121ddf07b') in 0.005351 seconds 
  Import took 0.007652 seconds .

========================================================================
Received Import Request.
  Time since last request: 0.000397 seconds.
  path: Assets/PlayerStat.cs
  artifactKey: Guid(ba275ed0cf4b62e40b4979d909f1d91f) Importer(815301076,1909f56bfc062723c751e8b465ee728b)
Start importing Assets/PlayerStat.cs using Guid(ba275ed0cf4b62e40b4979d909f1d91f) Importer(815301076,1909f56bfc062723c751e8b465ee728b)  -> (artifact id: 'c3f6df2ede7871ecd597fcf121ddf07b') in 0.002981 seconds 
  Import took 0.005192 seconds .

========================================================================
Received Prepare
Registering precompiled user dll's ...
Registered in 0.003951 seconds.
Begin MonoManager ReloadAssembly
Native extension for WindowsStandalone target not found
Native extension for WebGL target not found
Refreshing native plugins compatible for Editor in 0.45 ms, found 2 plugins.
Preloading 0 native plugins for Editor in 0.00 ms.
Mono: successfully reloaded assembly
- Completed reload, in  0.856 seconds
Platform modules already initialized, skipping
Refreshing native plugins compatible for Editor in 0.44 ms, found 2 plugins.
Preloading 0 native plugins for Editor in 0.00 ms.
Unloading 1602 Unused Serialized files (Serialized files now loaded: 0)
System memory in use before: 86.4 MB.
System memory in use after: 86.5 MB.

Unloading 15 unused Assets to reduce memory usage. Loaded Objects now: 2173.
Total: 1.709800 ms (FindLiveObjects: 0.188500 ms CreateObjectMapping: 0.061200 ms MarkObjects: 1.410300 ms  DeleteObjects: 0.048700 ms)

AssetImportParameters requested are different than current active one (requested -> active):
  custom:framework-win-MediaFoundation: 216162199b28c13a410421893ffa2e32 -> 
  custom:video-decoder-ogg-theora: a1e56fd34408186e4bbccfd4996cb3dc -> 
  custom:container-muxer-webm: aa71ff27fc2769a1b78a27578f13a17b -> 
  custom:container-demuxer-webm: 4f35f7cbe854078d1ac9338744f61a02 -> 
  custom:container-demuxer-ogg: 62fdf1f143b41e24485cea50d1cbac27 -> 
  custom:video-encoder-webm-vp8: eb34c28f22e8b96e1ab97ce403110664 -> 
  custom:video-decoder-webm-vp8: 9c59270c3fd7afecdb556c50c9e8de78 -> 
  custom:audio-decoder-ogg-vorbis: bf7c407c2cedff20999df2af8eb42d56 -> 
  custom:audio-encoder-webm-vorbis: bf7c407c2cedff20999df2af8eb42d56 -> 
========================================================================
Received Prepare
Registering precompiled user dll's ...
Registered in 0.003734 seconds.
Begin MonoManager ReloadAssembly
Native extension for WindowsStandalone target not found
Native extension for WebGL target not found
Refreshing native plugins compatible for Editor in 0.59 ms, found 2 plugins.
Preloading 0 native plugins for Editor in 0.00 ms.
Mono: successfully reloaded assembly
- Completed reload, in  0.869 seconds
Platform modules already initialized, skipping
Refreshing native plugins compatible for Editor in 0.47 ms, found 2 plugins.
Preloading 0 native plugins for Editor in 0.00 ms.
Unloading 1602 Unused Serialized files (Serialized files now loaded: 0)
System memory in use before: 86.4 MB.
System memory in use after: 86.5 MB.

Unloading 15 unused Assets to reduce memory usage. Loaded Objects now: 2175.
Total: 1.675200 ms (FindLiveObjects: 0.159600 ms CreateObjectMapping: 0.057400 ms MarkObjects: 1.406800 ms  DeleteObjects: 0.050500 ms)

AssetImportParameters requested are different than current active one (requested -> active):
  custom:framework-win-MediaFoundation: 216162199b28c13a410421893ffa2e32 -> 
  custom:video-decoder-ogg-theora: a1e56fd34408186e4bbccfd4996cb3dc -> 
  custom:container-muxer-webm: aa71ff27fc2769a1b78a27578f13a17b -> 
  custom:container-demuxer-webm: 4f35f7cbe854078d1ac9338744f61a02 -> 
  custom:container-demuxer-ogg: 62fdf1f143b41e24485cea50d1cbac27 -> 
  custom:video-encoder-webm-vp8: eb34c28f22e8b96e1ab97ce403110664 -> 
  custom:video-decoder-webm-vp8: 9c59270c3fd7afecdb556c50c9e8de78 -> 
  custom:audio-decoder-ogg-vorbis: bf7c407c2cedff20999df2af8eb42d56 -> 
  custom:audio-encoder-webm-vorbis: bf7c407c2cedff20999df2af8eb42d56 -> 
========================================================================
Received Import Request.
  Time since last request: 6.258944 seconds.
  path: Assets/Script/HpBar.cs
  artifactKey: Guid(8234e5501e8b9eb45af464b7e87a619f) Importer(815301076,1909f56bfc062723c751e8b465ee728b)
Start importing Assets/Script/HpBar.cs using Guid(8234e5501e8b9eb45af464b7e87a619f) Importer(815301076,1909f56bfc062723c751e8b465ee728b)  -> (artifact id: '111553765f0fac0284b26de4f41b3489') in 0.009437 seconds 
  Import took 0.011839 seconds .

========================================================================
Received Prepare
Registering precompiled user dll's ...
Registered in 0.018530 seconds.
Begin MonoManager ReloadAssembly
Native extension for WindowsStandalone target not found
Native extension for WebGL target not found
Refreshing native plugins compatible for Editor in 0.43 ms, found 2 plugins.
Preloading 0 native plugins for Editor in 0.00 ms.
Mono: successfully reloaded assembly
- Completed reload, in  0.800 seconds
Platform modules already initialized, skipping
Refreshing native plugins compatible for Editor in 0.69 ms, found 2 plugins.
Preloading 0 native plugins for Editor in 0.00 ms.
Unloading 1602 Unused Serialized files (Serialized files now loaded: 0)
System memory in use before: 86.4 MB.
System memory in use after: 86.5 MB.

Unloading 15 unused Assets to reduce memory usage. Loaded Objects now: 2177.
Total: 1.869000 ms (FindLiveObjects: 0.223200 ms CreateObjectMapping: 0.064200 ms MarkObjects: 1.523700 ms  DeleteObjects: 0.056700 ms)

AssetImportParameters requested are different than current active one (requested -> active):
  custom:framework-win-MediaFoundation: 216162199b28c13a410421893ffa2e32 -> 
  custom:video-decoder-ogg-theora: a1e56fd34408186e4bbccfd4996cb3dc -> 
  custom:container-muxer-webm: aa71ff27fc2769a1b78a27578f13a17b -> 
  custom:container-demuxer-webm: 4f35f7cbe854078d1ac9338744f61a02 -> 
  custom:container-demuxer-ogg: 62fdf1f143b41e24485cea50d1cbac27 -> 
  custom:video-encoder-webm-vp8: eb34c28f22e8b96e1ab97ce403110664 -> 
  custom:video-decoder-webm-vp8: 9c59270c3fd7afecdb556c50c9e8de78 -> 
  custom:audio-decoder-ogg-vorbis: bf7c407c2cedff20999df2af8eb42d56 -> 
  custom:audio-encoder-webm-vorbis: bf7c407c2cedff20999df2af8eb42d56 -> 
========================================================================
Received Prepare
Registering precompiled user dll's ...
Registered in 0.003628 seconds.
Begin MonoManager ReloadAssembly
Native extension for WindowsStandalone target not found
Native extension for WebGL target not found
Refreshing native plugins compatible for Editor in 0.44 ms, found 2 plugins.
Preloading 0 native plugins for Editor in 0.00 ms.
Mono: successfully reloaded assembly
- Completed reload, in  0.872 seconds
Platform modules already initialized, skipping
Refreshing native plugins compatible for Editor in 0.46 ms, found 2 plugins.
Preloading 0 native plugins for Editor in 0.00 ms.
Unloading 1602 Unused Serialized files (Serialized files now loaded: 0)
System memory in use before: 86.4 MB.
System memory in use after: 86.5 MB.

Unloading 15 unused Assets to reduce memory usage. Loaded Objects now: 2179.
Total: 2.860700 ms (FindLiveObjects: 0.394500 ms CreateObjectMapping: 0.131100 ms MarkObjects: 2.270800 ms  DeleteObjects: 0.062500 ms)

AssetImportParameters requested are different than current active one (requested -> active):
  custom:framework-win-MediaFoundation: 216162199b28c13a410421893ffa2e32 -> 
  custom:video-decoder-ogg-theora: a1e56fd34408186e4bbccfd4996cb3dc -> 
  custom:container-muxer-webm: aa71ff27fc2769a1b78a27578f13a17b -> 
  custom:container-demuxer-webm: 4f35f7cbe854078d1ac9338744f61a02 -> 
  custom:container-demuxer-ogg: 62fdf1f143b41e24485cea50d1cbac27 -> 
  custom:video-encoder-webm-vp8: eb34c28f22e8b96e1ab97ce403110664 -> 
  custom:video-decoder-webm-vp8: 9c59270c3fd7afecdb556c50c9e8de78 -> 
  custom:audio-decoder-ogg-vorbis: bf7c407c2cedff20999df2af8eb42d56 -> 
  custom:audio-encoder-webm-vorbis: bf7c407c2cedff20999df2af8eb42d56 -> 
========================================================================
Received Import Request.
  Time since last request: 9.165086 seconds.
  path: Assets/Script/Camera
  artifactKey: Guid(a7160bf2749d6f046b994c552f66687e) Importer(815301076,1909f56bfc062723c751e8b465ee728b)
Start importing Assets/Script/Camera using Guid(a7160bf2749d6f046b994c552f66687e) Importer(815301076,1909f56bfc062723c751e8b465ee728b)  -> (artifact id: '9ab3e76845bc8fe07f9b68aef06c7d05') in 0.008066 seconds 
  Import took 0.010417 seconds .

========================================================================
Received Import Request.
  Time since last request: 0.000196 seconds.
  path: Assets/Script/Enemy
  artifactKey: Guid(6cbd02943c2058548aa0517506c29018) Importer(815301076,1909f56bfc062723c751e8b465ee728b)
Start importing Assets/Script/Enemy using Guid(6cbd02943c2058548aa0517506c29018) Importer(815301076,1909f56bfc062723c751e8b465ee728b)  -> (artifact id: '83664eb5c7d9c722d7d3b853b5ebe2c9') in 0.007469 seconds 
  Import took 0.009780 seconds .

========================================================================
Received Import Request.
  Time since last request: 0.009012 seconds.
  path: Assets/Script/Enemy
  artifactKey: Guid(6cbd02943c2058548aa0517506c29018) Importer(815301076,1909f56bfc062723c751e8b465ee728b)
Start importing Assets/Script/Enemy using Guid(6cbd02943c2058548aa0517506c29018) Importer(815301076,1909f56bfc062723c751e8b465ee728b)  -> (artifact id: '83664eb5c7d9c722d7d3b853b5ebe2c9') in 0.003036 seconds 
  Import took 0.005661 seconds .

========================================================================
Received Import Request.
  Time since last request: 4.446776 seconds.
  path: Assets/Script/UI
  artifactKey: Guid(96aef23a8acd599468a8d7327af87fa1) Importer(815301076,1909f56bfc062723c751e8b465ee728b)
Start importing Assets/Script/UI using Guid(96aef23a8acd599468a8d7327af87fa1) Importer(815301076,1909f56bfc062723c751e8b465ee728b)  -> (artifact id: 'cc17f208cba4fd66626591734465bce3') in 0.011104 seconds 
  Import took 0.015845 seconds .

========================================================================
Received Import Request.
  Time since last request: 0.002008 seconds.
  path: Assets/Script/UI
  artifactKey: Guid(96aef23a8acd599468a8d7327af87fa1) Importer(815301076,1909f56bfc062723c751e8b465ee728b)
Start importing Assets/Script/UI using Guid(96aef23a8acd599468a8d7327af87fa1) Importer(815301076,1909f56bfc062723c751e8b465ee728b)  -> (artifact id: 'cc17f208cba4fd66626591734465bce3') in 0.002522 seconds 
  Import took 0.004972 seconds .

========================================================================
Received Prepare
Registering precompiled user dll's ...
Registered in 0.003612 seconds.
Begin MonoManager ReloadAssembly
Native extension for WindowsStandalone target not found
Native extension for WebGL target not found
Refreshing native plugins compatible for Editor in 0.46 ms, found 2 plugins.
Preloading 0 native plugins for Editor in 0.00 ms.
Mono: successfully reloaded assembly
- Completed reload, in  0.918 seconds
Platform modules already initialized, skipping
Refreshing native plugins compatible for Editor in 0.41 ms, found 2 plugins.
Preloading 0 native plugins for Editor in 0.00 ms.
Unloading 1602 Unused Serialized files (Serialized files now loaded: 0)
System memory in use before: 86.4 MB.
System memory in use after: 86.5 MB.

Unloading 15 unused Assets to reduce memory usage. Loaded Objects now: 2181.
Total: 1.614700 ms (FindLiveObjects: 0.167000 ms CreateObjectMapping: 0.052500 ms MarkObjects: 1.347500 ms  DeleteObjects: 0.046800 ms)

AssetImportParameters requested are different than current active one (requested -> active):
  custom:framework-win-MediaFoundation: 216162199b28c13a410421893ffa2e32 -> 
  custom:video-decoder-ogg-theora: a1e56fd34408186e4bbccfd4996cb3dc -> 
  custom:container-muxer-webm: aa71ff27fc2769a1b78a27578f13a17b -> 
  custom:container-demuxer-webm: 4f35f7cbe854078d1ac9338744f61a02 -> 
  custom:container-demuxer-ogg: 62fdf1f143b41e24485cea50d1cbac27 -> 
  custom:video-encoder-webm-vp8: eb34c28f22e8b96e1ab97ce403110664 -> 
  custom:video-decoder-webm-vp8: 9c59270c3fd7afecdb556c50c9e8de78 -> 
  custom:audio-decoder-ogg-vorbis: bf7c407c2cedff20999df2af8eb42d56 -> 
  custom:audio-encoder-webm-vorbis: bf7c407c2cedff20999df2af8eb42d56 -> 
========================================================================
Received Import Request.
  Time since last request: 81.604121 seconds.
  path: Assets/Animator/Knight.controller
  artifactKey: Guid(5e4501250ececa4459adff573c552bb9) Importer(815301076,1909f56bfc062723c751e8b465ee728b)
Start importing Assets/Animator/Knight.controller using Guid(5e4501250ececa4459adff573c552bb9) Importer(815301076,1909f56bfc062723c751e8b465ee728b)  -> (artifact id: 'a0f0007123adc7749da98cce2d9bee24') in 0.215316 seconds 
  Import took 0.218271 seconds .

========================================================================
Received Import Request.
  Time since last request: 4.291847 seconds.
  path: Assets/Animation/Kevin Iglesias/Melee Warrior Animations/Animations/OneHanded/RightHand/RightHand@Attack01.fbx
  artifactKey: Guid(3558db8e6c045c3418d8e7593f8a88de) Importer(815301076,1909f56bfc062723c751e8b465ee728b)
Start importing Assets/Animation/Kevin Iglesias/Melee Warrior Animations/Animations/OneHanded/RightHand/RightHand@Attack01.fbx using Guid(3558db8e6c045c3418d8e7593f8a88de) Importer(815301076,1909f56bfc062723c751e8b465ee728b)  -> (artifact id: '5e96611327baa36d24a24244edc2a1e6') in 0.058380 seconds 
  Import took 0.061290 seconds .

========================================================================
Received Import Request.
  Time since last request: 0.000224 seconds.
  path: Assets/Animation/Kevin Iglesias/Melee Warrior Animations/Animations/OneHanded/RightHand/RightHand@Parry01.fbx
  artifactKey: Guid(6f07f77346b201c4285e9ab3be604e1d) Importer(815301076,1909f56bfc062723c751e8b465ee728b)
Start importing Assets/Animation/Kevin Iglesias/Melee Warrior Animations/Animations/OneHanded/RightHand/RightHand@Parry01.fbx using Guid(6f07f77346b201c4285e9ab3be604e1d) Importer(815301076,1909f56bfc062723c751e8b465ee728b)  -> (artifact id: '8566f2644be3dd529b924967a309b13e') in 0.015778 seconds 
  Import took 0.019523 seconds .

========================================================================
Received Import Request.
  Time since last request: 0.000204 seconds.
  path: Assets/Animation/Kevin Iglesias/Melee Warrior Animations/Animations/OneHanded/RightHand/RightHand@Attack01.fbx
  artifactKey: Guid(3558db8e6c045c3418d8e7593f8a88de) Importer(815301076,1909f56bfc062723c751e8b465ee728b)
Start importing Assets/Animation/Kevin Iglesias/Melee Warrior Animations/Animations/OneHanded/RightHand/RightHand@Attack01.fbx using Guid(3558db8e6c045c3418d8e7593f8a88de) Importer(815301076,1909f56bfc062723c751e8b465ee728b)  -> (artifact id: '5e96611327baa36d24a24244edc2a1e6') in 0.005552 seconds 
  Import took 0.014950 seconds .

========================================================================
Received Import Request.
  Time since last request: 0.000308 seconds.
  path: Assets/Animation/Kevin Iglesias/Melee Warrior Animations/Animations/OneHanded/RightHand/RightHand@Attack02.fbx
  artifactKey: Guid(f9808de8e12794d468604280ad76ca36) Importer(815301076,1909f56bfc062723c751e8b465ee728b)
Start importing Assets/Animation/Kevin Iglesias/Melee Warrior Animations/Animations/OneHanded/RightHand/RightHand@Attack02.fbx using Guid(f9808de8e12794d468604280ad76ca36) Importer(815301076,1909f56bfc062723c751e8b465ee728b)  -> (artifact id: '6b28e4e4d2b9f65e4414a1d0ab7ce4ca') in 0.029844 seconds 
  Import took 0.036952 seconds .

========================================================================
Received Import Request.
  Time since last request: 0.000267 seconds.
  path: Assets/Animation/Kevin Iglesias/Melee Warrior Animations/Animations/OneHanded/RightHand/RightHand@Attack04.fbx
  artifactKey: Guid(210680178f4ec7045b47ffeeb53bc31d) Importer(815301076,1909f56bfc062723c751e8b465ee728b)
Start importing Assets/Animation/Kevin Iglesias/Melee Warrior Animations/Animations/OneHanded/RightHand/RightHand@Attack04.fbx using Guid(210680178f4ec7045b47ffeeb53bc31d) Importer(815301076,1909f56bfc062723c751e8b465ee728b)  -> (artifact id: '7ddc77d787321101462d3f5a7d4260e6') in 0.027980 seconds 
  Import took 0.036492 seconds .

========================================================================
Received Import Request.
  Time since last request: 0.000293 seconds.
  path: Assets/Animation/Kevin Iglesias/Melee Warrior Animations/Animations/OneHanded/RightHand/RightHand@Attack03.fbx
  artifactKey: Guid(f5aa16e8d7347d14ba16d52fe4b7921c) Importer(815301076,1909f56bfc062723c751e8b465ee728b)
Start importing Assets/Animation/Kevin Iglesias/Melee Warrior Animations/Animations/OneHanded/RightHand/RightHand@Attack03.fbx using Guid(f5aa16e8d7347d14ba16d52fe4b7921c) Importer(815301076,1909f56bfc062723c751e8b465ee728b)  -> (artifact id: 'a3079c44553d4d200dc7161d6ea65055') in 0.029107 seconds 
  Import took 0.034162 seconds .

========================================================================
Received Prepare
Registering precompiled user dll's ...
Registered in 0.003596 seconds.
Begin MonoManager ReloadAssembly
Native extension for WindowsStandalone target not found
Native extension for WebGL target not found
Refreshing native plugins compatible for Editor in 0.41 ms, found 2 plugins.
Preloading 0 native plugins for Editor in 0.00 ms.
Mono: successfully reloaded assembly
- Completed reload, in  0.751 seconds
Platform modules already initialized, skipping
Refreshing native plugins compatible for Editor in 0.40 ms, found 2 plugins.
Preloading 0 native plugins for Editor in 0.00 ms.
Unloading 1602 Unused Serialized files (Serialized files now loaded: 0)
System memory in use before: 86.6 MB.
System memory in use after: 86.7 MB.

Unloading 15 unused Assets to reduce memory usage. Loaded Objects now: 2183.
Total: 2.330400 ms (FindLiveObjects: 0.191300 ms CreateObjectMapping: 0.068100 ms MarkObjects: 2.016900 ms  DeleteObjects: 0.053100 ms)

AssetImportParameters requested are different than current active one (requested -> active):
  custom:framework-win-MediaFoundation: 216162199b28c13a410421893ffa2e32 -> 
  custom:video-decoder-ogg-theora: a1e56fd34408186e4bbccfd4996cb3dc -> 
  custom:container-muxer-webm: aa71ff27fc2769a1b78a27578f13a17b -> 
  custom:container-demuxer-webm: 4f35f7cbe854078d1ac9338744f61a02 -> 
  custom:container-demuxer-ogg: 62fdf1f143b41e24485cea50d1cbac27 -> 
  custom:video-encoder-webm-vp8: eb34c28f22e8b96e1ab97ce403110664 -> 
  custom:video-decoder-webm-vp8: 9c59270c3fd7afecdb556c50c9e8de78 -> 
  custom:audio-decoder-ogg-vorbis: bf7c407c2cedff20999df2af8eb42d56 -> 
  custom:audio-encoder-webm-vorbis: bf7c407c2cedff20999df2af8eb42d56 -> 
========================================================================
Received Import Request.
  Time since last request: 95.628238 seconds.
  path: Assets/Animation/Kevin Iglesias/Melee Warrior Animations/Animations/OneHanded/RightHand/RightHand@Attack02.fbx
  artifactKey: Guid(f9808de8e12794d468604280ad76ca36) Importer(815301076,1909f56bfc062723c751e8b465ee728b)
Start importing Assets/Animation/Kevin Iglesias/Melee Warrior Animations/Animations/OneHanded/RightHand/RightHand@Attack02.fbx using Guid(f9808de8e12794d468604280ad76ca36) Importer(815301076,1909f56bfc062723c751e8b465ee728b)  -> (artifact id: '227f8179c82d138077c5a1d883dc9bf5') in 0.033009 seconds 
  Import took 0.035907 seconds .

========================================================================
Received Import Request.
  Time since last request: 0.000700 seconds.
  path: Assets/Animation/Kevin Iglesias/Melee Warrior Animations/Animations/OneHanded/RightHand/RightHand@Attack02.fbx
  artifactKey: Guid(f9808de8e12794d468604280ad76ca36) Importer(815301076,1909f56bfc062723c751e8b465ee728b)
Start importing Assets/Animation/Kevin Iglesias/Melee Warrior Animations/Animations/OneHanded/RightHand/RightHand@Attack02.fbx using Guid(f9808de8e12794d468604280ad76ca36) Importer(815301076,1909f56bfc062723c751e8b465ee728b)  -> (artifact id: '227f8179c82d138077c5a1d883dc9bf5') in 0.005855 seconds 
  Import took 0.008572 seconds .

========================================================================
Received Import Request.
  Time since last request: 11.755443 seconds.
  path: Assets/Animation/Kevin Iglesias/Melee Warrior Animations/Animations/OneHanded/RightHand/RightHand@Attack02.fbx
  artifactKey: Guid(f9808de8e12794d468604280ad76ca36) Importer(815301076,1909f56bfc062723c751e8b465ee728b)
Start importing Assets/Animation/Kevin Iglesias/Melee Warrior Animations/Animations/OneHanded/RightHand/RightHand@Attack02.fbx using Guid(f9808de8e12794d468604280ad76ca36) Importer(815301076,1909f56bfc062723c751e8b465ee728b)  -> (artifact id: '7adc5889aa1ab28e3e342251cececb54') in 0.007993 seconds 
  Import took 0.010818 seconds .

========================================================================
Received Import Request.
  Time since last request: 0.001697 seconds.
  path: Assets/Animation/Kevin Iglesias/Melee Warrior Animations/Animations/OneHanded/RightHand/RightHand@Attack02.fbx
  artifactKey: Guid(f9808de8e12794d468604280ad76ca36) Importer(815301076,1909f56bfc062723c751e8b465ee728b)
Start importing Assets/Animation/Kevin Iglesias/Melee Warrior Animations/Animations/OneHanded/RightHand/RightHand@Attack02.fbx using Guid(f9808de8e12794d468604280ad76ca36) Importer(815301076,1909f56bfc062723c751e8b465ee728b)  -> (artifact id: '7adc5889aa1ab28e3e342251cececb54') in 0.005441 seconds 
  Import took 0.007890 seconds .

========================================================================
Received Import Request.
  Time since last request: 28.907347 seconds.
  path: Assets/Animation/Kevin Iglesias/Melee Warrior Animations/Animations/OneHanded/RightHand/RightHand@Attack04.fbx
  artifactKey: Guid(210680178f4ec7045b47ffeeb53bc31d) Importer(815301076,1909f56bfc062723c751e8b465ee728b)
Start importing Assets/Animation/Kevin Iglesias/Melee Warrior Animations/Animations/OneHanded/RightHand/RightHand@Attack04.fbx using Guid(210680178f4ec7045b47ffeeb53bc31d) Importer(815301076,1909f56bfc062723c751e8b465ee728b)  -> (artifact id: '07eb8df48e27a5ac331a92e1c434eec3') in 0.005896 seconds 
  Import took 0.008616 seconds .

========================================================================
Received Import Request.
  Time since last request: 0.002729 seconds.
  path: Assets/Animation/Kevin Iglesias/Melee Warrior Animations/Animations/OneHanded/RightHand/RightHand@Attack04.fbx
  artifactKey: Guid(210680178f4ec7045b47ffeeb53bc31d) Importer(815301076,1909f56bfc062723c751e8b465ee728b)
Start importing Assets/Animation/Kevin Iglesias/Melee Warrior Animations/Animations/OneHanded/RightHand/RightHand@Attack04.fbx using Guid(210680178f4ec7045b47ffeeb53bc31d) Importer(815301076,1909f56bfc062723c751e8b465ee728b)  -> (artifact id: '07eb8df48e27a5ac331a92e1c434eec3') in 0.006398 seconds 
  Import took 0.009031 seconds .

========================================================================
Received Prepare
Registering precompiled user dll's ...
Registered in 0.003764 seconds.
Begin MonoManager ReloadAssembly
Native extension for WindowsStandalone target not found
Native extension for WebGL target not found
Refreshing native plugins compatible for Editor in 0.41 ms, found 2 plugins.
Preloading 0 native plugins for Editor in 0.00 ms.
Mono: successfully reloaded assembly
- Completed reload, in  0.817 seconds
Platform modules already initialized, skipping
Refreshing native plugins compatible for Editor in 0.48 ms, found 2 plugins.
Preloading 0 native plugins for Editor in 0.00 ms.
Unloading 1602 Unused Serialized files (Serialized files now loaded: 0)
System memory in use before: 86.6 MB.
System memory in use after: 86.7 MB.

Unloading 15 unused Assets to reduce memory usage. Loaded Objects now: 2185.
Total: 1.863100 ms (FindLiveObjects: 0.170400 ms CreateObjectMapping: 0.061800 ms MarkObjects: 1.580100 ms  DeleteObjects: 0.050000 ms)

AssetImportParameters requested are different than current active one (requested -> active):
  custom:framework-win-MediaFoundation: 216162199b28c13a410421893ffa2e32 -> 
  custom:video-decoder-ogg-theora: a1e56fd34408186e4bbccfd4996cb3dc -> 
  custom:container-muxer-webm: aa71ff27fc2769a1b78a27578f13a17b -> 
  custom:container-demuxer-webm: 4f35f7cbe854078d1ac9338744f61a02 -> 
  custom:container-demuxer-ogg: 62fdf1f143b41e24485cea50d1cbac27 -> 
  custom:video-encoder-webm-vp8: eb34c28f22e8b96e1ab97ce403110664 -> 
  custom:video-decoder-webm-vp8: 9c59270c3fd7afecdb556c50c9e8de78 -> 
  custom:audio-decoder-ogg-vorbis: bf7c407c2cedff20999df2af8eb42d56 -> 
  custom:audio-encoder-webm-vorbis: bf7c407c2cedff20999df2af8eb42d56 -> 
========================================================================
Received Prepare
Registering precompiled user dll's ...
Registered in 0.003936 seconds.
Begin MonoManager ReloadAssembly
Native extension for WindowsStandalone target not found
Native extension for WebGL target not found
Refreshing native plugins compatible for Editor in 0.44 ms, found 2 plugins.
Preloading 0 native plugins for Editor in 0.00 ms.
Mono: successfully reloaded assembly
- Completed reload, in  0.864 seconds
Platform modules already initialized, skipping
Refreshing native plugins compatible for Editor in 0.56 ms, found 2 plugins.
Preloading 0 native plugins for Editor in 0.00 ms.
Unloading 1602 Unused Serialized files (Serialized files now loaded: 0)
System memory in use before: 86.7 MB.
System memory in use after: 86.7 MB.

Unloading 15 unused Assets to reduce memory usage. Loaded Objects now: 2187.
Total: 1.878600 ms (FindLiveObjects: 0.204700 ms CreateObjectMapping: 0.079600 ms MarkObjects: 1.541500 ms  DeleteObjects: 0.052200 ms)

AssetImportParameters requested are different than current active one (requested -> active):
  custom:framework-win-MediaFoundation: 216162199b28c13a410421893ffa2e32 -> 
  custom:video-decoder-ogg-theora: a1e56fd34408186e4bbccfd4996cb3dc -> 
  custom:container-muxer-webm: aa71ff27fc2769a1b78a27578f13a17b -> 
  custom:container-demuxer-webm: 4f35f7cbe854078d1ac9338744f61a02 -> 
  custom:container-demuxer-ogg: 62fdf1f143b41e24485cea50d1cbac27 -> 
  custom:video-encoder-webm-vp8: eb34c28f22e8b96e1ab97ce403110664 -> 
  custom:video-decoder-webm-vp8: 9c59270c3fd7afecdb556c50c9e8de78 -> 
  custom:audio-decoder-ogg-vorbis: bf7c407c2cedff20999df2af8eb42d56 -> 
  custom:audio-encoder-webm-vorbis: bf7c407c2cedff20999df2af8eb42d56 -> 
========================================================================
Received Prepare
Registering precompiled user dll's ...
Registered in 0.003614 seconds.
Begin MonoManager ReloadAssembly
Native extension for WindowsStandalone target not found
Native extension for WebGL target not found
Refreshing native plugins compatible for Editor in 0.42 ms, found 2 plugins.
Preloading 0 native plugins for Editor in 0.00 ms.
Mono: successfully reloaded assembly
- Completed reload, in  0.756 seconds
Platform modules already initialized, skipping
Refreshing native plugins compatible for Editor in 0.40 ms, found 2 plugins.
Preloading 0 native plugins for Editor in 0.00 ms.
Unloading 1602 Unused Serialized files (Serialized files now loaded: 0)
System memory in use before: 86.7 MB.
System memory in use after: 86.7 MB.

Unloading 15 unused Assets to reduce memory usage. Loaded Objects now: 2189.
Total: 2.872700 ms (FindLiveObjects: 0.184100 ms CreateObjectMapping: 0.061900 ms MarkObjects: 2.562500 ms  DeleteObjects: 0.062400 ms)

AssetImportParameters requested are different than current active one (requested -> active):
  custom:framework-win-MediaFoundation: 216162199b28c13a410421893ffa2e32 -> 
  custom:video-decoder-ogg-theora: a1e56fd34408186e4bbccfd4996cb3dc -> 
  custom:container-muxer-webm: aa71ff27fc2769a1b78a27578f13a17b -> 
  custom:container-demuxer-webm: 4f35f7cbe854078d1ac9338744f61a02 -> 
  custom:container-demuxer-ogg: 62fdf1f143b41e24485cea50d1cbac27 -> 
  custom:video-encoder-webm-vp8: eb34c28f22e8b96e1ab97ce403110664 -> 
  custom:video-decoder-webm-vp8: 9c59270c3fd7afecdb556c50c9e8de78 -> 
  custom:audio-decoder-ogg-vorbis: bf7c407c2cedff20999df2af8eb42d56 -> 
  custom:audio-encoder-webm-vorbis: bf7c407c2cedff20999df2af8eb42d56 -> 
AssetImportWorkerClient::OnTransportError - code=2 error=End of file
